0 info it worked if it ends with ok
1 verbose cli [ 'C:\\Program Files\\nodejs\\node.exe',
1 verbose cli   'C:\\Program Files\\nodejs\\node_modules\\npm\\bin\\npm-cli.js',
1 verbose cli   'run',
1 verbose cli   'start' ]
2 info using npm@3.3.12
3 info using node@v5.3.0
4 verbose run-script [ 'prestart', 'start', 'poststart' ]
5 info lifecycle crud@0.0.1~prestart: crud@0.0.1
6 silly lifecycle crud@0.0.1~prestart: no script for prestart, continuing
7 info lifecycle crud@0.0.1~start: crud@0.0.1
8 verbose lifecycle crud@0.0.1~start: unsafe-perm in lifecycle true
9 verbose lifecycle crud@0.0.1~start: PATH: C:\Program Files\nodejs\node_modules\npm\bin\node-gyp-bin;C:\Users\Олег\Desktop\BSU\web\web2016\Repository-2\WebTask-2\WebTask-2\node_modules\.bin;C:\Users\Олег\bin;C:\Program Files\Git\mingw64\bin;C:\Program Files\Git\usr\local\bin;C:\Program Files\Git\usr\bin;C:\Program Files\Git\usr\bin;C:\Program Files\Git\mingw64\bin;C:\Program Files\Git\usr\bin;C:\ProgramData\Oracle\Java\javapath;C:\Program Files (x86)\Common Files\Intel\Shared Files\cpp\bin\Intel64;C:\WINDOWS\system32;C:\WINDOWS;C:\WINDOWS\System32\Wbem;C:\WINDOWS\System32\WindowsPowerShell\v1.0;C:\Program Files (x86)\Windows Kits\10\Windows Performance Toolkit;C:\Program Files (x86)\GtkSharp\2.12\bin;C:\Program Files\Microsoft SQL Server\110\Tools\Binn;C:\Program Files (x86)\Skype\Phone;C:\Program Files\nodejs;C:\Program Files (x86)\NVIDIA Corporation\PhysX\Common;C:\FPC\3.0.0\bin\i386-Win32;C:\Users\Олег\AppData\Roaming\npm;C:\Users\Олег\AppData\Local\atom\bin;C:\Program Files\Git\usr\bin\vendor_perl;C:\Program Files\Git\usr\bin\core_perl
10 verbose lifecycle crud@0.0.1~start: CWD: C:\Users\Олег\Desktop\BSU\web\web2016\Repository-2\WebTask-2\WebTask-2
11 silly lifecycle crud@0.0.1~start: Args: [ '/d /s /c', 'gulp && node server.js' ]
12 silly lifecycle crud@0.0.1~start: Returned: code: 1  signal: null
13 info lifecycle crud@0.0.1~start: Failed to exec start script
14 verbose stack Error: crud@0.0.1 start: `gulp && node server.js`
14 verbose stack Exit status 1
14 verbose stack     at EventEmitter.<anonymous> (C:\Program Files\nodejs\node_modules\npm\lib\utils\lifecycle.js:232:16)
14 verbose stack     at emitTwo (events.js:87:13)
14 verbose stack     at EventEmitter.emit (events.js:172:7)
14 verbose stack     at ChildProcess.<anonymous> (C:\Program Files\nodejs\node_modules\npm\lib\utils\spawn.js:24:14)
14 verbose stack     at emitTwo (events.js:87:13)
14 verbose stack     at ChildProcess.emit (events.js:172:7)
14 verbose stack     at maybeClose (internal/child_process.js:818:16)
14 verbose stack     at Process.ChildProcess._handle.onexit (internal/child_process.js:211:5)
15 verbose pkgid crud@0.0.1
16 verbose cwd C:\Users\Олег\Desktop\BSU\web\web2016\Repository-2\WebTask-2\WebTask-2
17 error Windows_NT 10.0.10586
18 error argv "C:\\Program Files\\nodejs\\node.exe" "C:\\Program Files\\nodejs\\node_modules\\npm\\bin\\npm-cli.js" "run" "start"
19 error node v5.3.0
20 error npm  v3.3.12
21 error code ELIFECYCLE
22 error crud@0.0.1 start: `gulp && node server.js`
22 error Exit status 1
23 error Failed at the crud@0.0.1 start script 'gulp && node server.js'.
23 error Make sure you have the latest version of node.js and npm installed.
23 error If you do, this is most likely a problem with the crud package,
23 error not with npm itself.
23 error Tell the author that this fails on your system:
23 error     gulp && node server.js
23 error You can get their info via:
23 error     npm owner ls crud
23 error There is likely additional logging output above.
24 verbose exit [ 1, true ]
